<?xml version="1.0" encoding="UTF-8"?>
<testng-results ignored="0" total="1" passed="1" failed="0" skipped="0">
  <reporter-output>
  </reporter-output>
  <suite started-at="2021-09-11T12:14:20 IST" name="Default suite" finished-at="2021-09-11T12:19:54 IST" duration-ms="333995">
    <groups>
    </groups>
    <test started-at="2021-09-11T12:14:20 IST" name="Default test" finished-at="2021-09-11T12:19:54 IST" duration-ms="333995">
      <class name="com.amayo.test.createaccountTest">
        <test-method signature="verify()[pri:0, instance:com.amayo.test.createaccountTest@1a451d4d]" started-at="2021-09-11T12:14:20 IST" name="verify" finished-at="2021-09-11T12:19:54 IST" duration-ms="333584" status="PASS">
          <reporter-output>
          </reporter-output>
        </test-method> <!-- verify -->
      </class> <!-- com.amayo.test.createaccountTest -->
    </test> <!-- Default test -->
  </suite> <!-- Default suite -->
</testng-results>
