<?xml version="1.0" encoding="UTF-8"?>
<testng-results ignored="0" total="1" passed="1" failed="0" skipped="0">
  <reporter-output>
  </reporter-output>
  <suite started-at="2021-09-11T12:50:31 IST" name="Suite" finished-at="2021-09-11T12:52:17 IST" duration-ms="106698">
    <groups>
    </groups>
    <test started-at="2021-09-11T12:50:31 IST" name="Test" finished-at="2021-09-11T12:52:17 IST" duration-ms="106698">
      <class name="com.amayo.test.createaccountTest">
        <test-method signature="verify()[pri:0, instance:com.amayo.test.createaccountTest@2b6856dd]" started-at="2021-09-11T12:50:31 IST" name="verify" finished-at="2021-09-11T12:52:17 IST" duration-ms="106562" status="PASS">
          <reporter-output>
          </reporter-output>
        </test-method> <!-- verify -->
      </class> <!-- com.amayo.test.createaccountTest -->
    </test> <!-- Test -->
  </suite> <!-- Suite -->
</testng-results>
